<?xml version="1.0" encoding="UTF-8"?>
<testsuite xmlns:xsi="http://www.w3.org/2001/XMLSchema-instance" xsi:noNamespaceSchemaLocation="https://maven.apache.org/surefire/maven-surefire-plugin/xsd/surefire-test-report-3.0.xsd" version="3.0" name="com.pos.test.vendingmachine.VendingmachineServiceApplicationTests" time="6.592" tests="1" errors="0" skipped="0" failures="0">
  <properties>
[...]
</properties>
  <testcase name="contextLoads" classname="com.pos.test.vendingmachine.VendingmachineServiceApplicationTests" time="0.723">
    <system-out><![CDATA[Standard Commons Logging discovery in action with spring-jcl: please remove commons-logging.jar from classpath in order to avoid potential conflicts
22:03:23.226 [main] INFO org.springframework.test.context.support.AnnotationConfigContextLoaderUtils -- Could not detect default configuration classes for test class [com.pos.test.vendingmachine.VendingmachineServiceApplicationTests]: VendingmachineServiceApplicationTests does not declare any static, non-private, non-final, nested classes annotated with @Configuration.
22:03:23.422 [main] INFO org.springframework.boot.test.context.SpringBootTestContextBootstrapper -- Found @SpringBootConfiguration com.pos.test.vendingmachine.VendingmachineServiceApplication for test class com.pos.test.vendingmachine.VendingmachineServiceApplicationTests

  .   ____          _            __ _ _
 /\\ / ___'_ __ _ _(_)_ __  __ _ \ \ \ \
( ( )\___ | '_ | '_| | '_ \/ _` | \ \ \ \
 \\/  ___)| |_)| | | | | || (_| |  ) ) ) )
  '  |____| .__|_| |_|_| |_\__, | / / / /
 =========|_|==============|___/=/_/_/_/

 :: Spring Boot ::                (v3.3.5)

2024-11-10T22:03:23.940+07:00  INFO 9213 --- [           main] .v.VendingmachineServiceApplicationTests : Starting VendingmachineServiceApplicationTests using Java 17.0.8 with PID 9213 (started by trachman in /Users/trachman/Documents/Repository/Test-Inspiro/test-deploy-to-hosting/vendingmachine_parent/vendingmachine-service)
2024-11-10T22:03:23.942+07:00  INFO 9213 --- [           main] .v.VendingmachineServiceApplicationTests : No active profile set, falling back to 1 default profile: "default"
2024-11-10T22:03:24.863+07:00  INFO 9213 --- [           main] .s.d.r.c.RepositoryConfigurationDelegate : Bootstrapping Spring Data JPA repositories in DEFAULT mode.
2024-11-10T22:03:24.935+07:00  INFO 9213 --- [           main] .s.d.r.c.RepositoryConfigurationDelegate : Finished Spring Data repository scanning in 62 ms. Found 2 JPA repository interfaces.
2024-11-10T22:03:25.469+07:00  INFO 9213 --- [           main] o.hibernate.jpa.internal.util.LogHelper  : HHH000204: Processing PersistenceUnitInfo [name: default]
2024-11-10T22:03:25.574+07:00  INFO 9213 --- [           main] org.hibernate.Version                    : HHH000412: Hibernate ORM core version 6.5.3.Final
2024-11-10T22:03:25.639+07:00  INFO 9213 --- [           main] o.h.c.internal.RegionFactoryInitiator    : HHH000026: Second-level cache disabled
2024-11-10T22:03:26.045+07:00  INFO 9213 --- [           main] o.s.o.j.p.SpringPersistenceUnitInfo      : No LoadTimeWeaver setup: ignoring JPA class transformer
2024-11-10T22:03:26.083+07:00  INFO 9213 --- [           main] com.zaxxer.hikari.HikariDataSource       : HikariPool-1 - Starting...
2024-11-10T22:03:26.293+07:00  INFO 9213 --- [           main] com.zaxxer.hikari.pool.HikariPool        : HikariPool-1 - Added connection org.postgresql.jdbc.PgConnection@2c579202
2024-11-10T22:03:26.295+07:00  INFO 9213 --- [           main] com.zaxxer.hikari.HikariDataSource       : HikariPool-1 - Start completed.
2024-11-10T22:03:27.404+07:00  INFO 9213 --- [           main] o.h.e.t.j.p.i.JtaPlatformInitiator       : HHH000489: No JTA platform available (set 'hibernate.transaction.jta.platform' to enable JTA platform integration)
2024-11-10T22:03:27.508+07:00  INFO 9213 --- [           main] j.LocalContainerEntityManagerFactoryBean : Initialized JPA EntityManagerFactory for persistence unit 'default'
2024-11-10T22:03:28.078+07:00  WARN 9213 --- [           main] JpaBaseConfiguration$JpaWebConfiguration : spring.jpa.open-in-view is enabled by default. Therefore, database queries may be performed during view rendering. Explicitly configure spring.jpa.open-in-view to disable this warning
2024-11-10T22:03:28.545+07:00  INFO 9213 --- [           main] .v.VendingmachineServiceApplicationTests : Started VendingmachineServiceApplicationTests in 4.889 seconds (process running for 6.787)
]]></system-out>
    <system-err><![CDATA[SLF4J(W): Class path contains multiple SLF4J providers.
SLF4J(W): Found provider [ch.qos.logback.classic.spi.LogbackServiceProvider@557caf28]
SLF4J(W): Found provider [org.apache.logging.slf4j.SLF4JServiceProvider@408d971b]
SLF4J(W): See https://www.slf4j.org/codes.html#multiple_bindings for an explanation.
SLF4J(I): Actual provider is of type [ch.qos.logback.classic.spi.LogbackServiceProvider@557caf28]
]]></system-err>
  </testcase>
</testsuite>